udesk_android_sdk_demo/build/outputs/logs/manifest-merger-debug-report.txt
-- Merging decision tree log ---
manifest
ADDED from src/main/AndroidManifest.xml:2:1-27:12
	package
		ADDED from src/main/AndroidManifest.xml:3:5-33
		INJECTED from src/main/AndroidManifest.xml
		INJECTED from src/main/AndroidManifest.xml
	android:versionName
		ADDED from src/main/AndroidManifest.xml:5:5-30
	android:versionCode
		ADDED from src/main/AndroidManifest.xml:4:5-28
		INJECTED from src/main/AndroidManifest.xml
		INJECTED from src/main/AndroidManifest.xml
	xmlns:android
		ADDED from src/main/AndroidManifest.xml:2:11-69
uses-sdk
ADDED from src/main/AndroidManifest.xml:7:5-9:41
MERGED from [apkplug_component_sdk:uDesklibrary:unspecified] AndroidManifest.xml:7:5-9:41
	android:targetSdkVersion
		ADDED from src/main/AndroidManifest.xml:9:9-38
		INJECTED from src/main/AndroidManifest.xml
		INJECTED from src/main/AndroidManifest.xml
	android:minSdkVersion
		ADDED from src/main/AndroidManifest.xml:8:9-35
		INJECTED from src/main/AndroidManifest.xml
		INJECTED from src/main/AndroidManifest.xml
application
ADDED from src/main/AndroidManifest.xml:11:5-25:19
MERGED from [apkplug_component_sdk:uDesklibrary:unspecified] AndroidManifest.xml:19:5-36:19
	android:label
		ADDED from src/main/AndroidManifest.xml:14:9-41
	android:allowBackup
		ADDED from src/main/AndroidManifest.xml:12:9-35
	android:icon
		ADDED from src/main/AndroidManifest.xml:13:9-45
activity#cn.udesk.saas.demo.MainActivity
ADDED from src/main/AndroidManifest.xml:15:9-24:20
	android:label
		ADDED from src/main/AndroidManifest.xml:19:13-45
	android:configChanges
		ADDED from src/main/AndroidManifest.xml:18:13-81
	android:theme
		ADDED from src/main/AndroidManifest.xml:17:13-55
	android:name
		ADDED from src/main/AndroidManifest.xml:16:13-41
intent-filter#android.intent.action.MAIN+android.intent.category.LAUNCHER
ADDED from src/main/AndroidManifest.xml:20:13-23:29
action#android.intent.action.MAIN
ADDED from src/main/AndroidManifest.xml:21:17-69
	android:name
		ADDED from src/main/AndroidManifest.xml:21:25-66
category#android.intent.category.LAUNCHER
ADDED from src/main/AndroidManifest.xml:22:17-77
	android:name
		ADDED from src/main/AndroidManifest.xml:22:27-74
uses-permission#android.permission.ACCESS_WIFI_STATE
ADDED from [apkplug_component_sdk:uDesklibrary:unspecified] AndroidManifest.xml:11:5-76
	android:name
		ADDED from [apkplug_component_sdk:uDesklibrary:unspecified] AndroidManifest.xml:11:22-73
uses-permission#android.permission.INTERNET
ADDED from [apkplug_component_sdk:uDesklibrary:unspecified] AndroidManifest.xml:12:5-67
	android:name
		ADDED from [apkplug_component_sdk:uDesklibrary:unspecified] AndroidManifest.xml:12:22-64
uses-permission#android.permission.READ_PHONE_STATE
ADDED from [apkplug_component_sdk:uDesklibrary:unspecified] AndroidManifest.xml:13:5-75
	android:name
		ADDED from [apkplug_component_sdk:uDesklibrary:unspecified] AndroidManifest.xml:13:22-72
uses-permission#android.permission.ACCESS_NETWORK_STATE
ADDED from [apkplug_component_sdk:uDesklibrary:unspecified] AndroidManifest.xml:14:5-79
	android:name
		ADDED from [apkplug_component_sdk:uDesklibrary:unspecified] AndroidManifest.xml:14:22-76
uses-permission#android.permission.WRITE_EXTERNAL_STORAGE
ADDED from [apkplug_component_sdk:uDesklibrary:unspecified] AndroidManifest.xml:15:5-81
	android:name
		ADDED from [apkplug_component_sdk:uDesklibrary:unspecified] AndroidManifest.xml:15:22-78
uses-permission#android.permission.RECORD_AUDIO
ADDED from [apkplug_component_sdk:uDesklibrary:unspecified] AndroidManifest.xml:16:5-71
	android:name
		ADDED from [apkplug_component_sdk:uDesklibrary:unspecified] AndroidManifest.xml:16:22-68
uses-permission#android.permission.READ_EXTERNAL_STORAGE
ADDED from [apkplug_component_sdk:uDesklibrary:unspecified] AndroidManifest.xml:17:5-80
	android:name
		ADDED from [apkplug_component_sdk:uDesklibrary:unspecified] AndroidManifest.xml:17:22-77
activity#cn.udesk.saas.sdk.activity.UDIMActivity
ADDED from [apkplug_component_sdk:uDesklibrary:unspecified] AndroidManifest.xml:20:9-23:50
	android:configChanges
		ADDED from [apkplug_component_sdk:uDesklibrary:unspecified] AndroidManifest.xml:22:13-92
	android:theme
		ADDED from [apkplug_component_sdk:uDesklibrary:unspecified] AndroidManifest.xml:23:13-47
	android:name
		ADDED from [apkplug_component_sdk:uDesklibrary:unspecified] AndroidManifest.xml:21:13-67
activity#cn.udesk.saas.sdk.activity.UDHelperActivity
ADDED from [apkplug_component_sdk:uDesklibrary:unspecified] AndroidManifest.xml:24:9-27:50
	android:configChanges
		ADDED from [apkplug_component_sdk:uDesklibrary:unspecified] AndroidManifest.xml:26:13-92
	android:theme
		ADDED from [apkplug_component_sdk:uDesklibrary:unspecified] AndroidManifest.xml:27:13-47
	android:name
		ADDED from [apkplug_component_sdk:uDesklibrary:unspecified] AndroidManifest.xml:25:13-71
activity#cn.udesk.saas.sdk.activity.UdeskBaseActivity
ADDED from [apkplug_component_sdk:uDesklibrary:unspecified] AndroidManifest.xml:28:9-31:50
	android:configChanges
		ADDED from [apkplug_component_sdk:uDesklibrary:unspecified] AndroidManifest.xml:30:13-92
	android:theme
		ADDED from [apkplug_component_sdk:uDesklibrary:unspecified] AndroidManifest.xml:31:13-47
	android:name
		ADDED from [apkplug_component_sdk:uDesklibrary:unspecified] AndroidManifest.xml:29:13-72
activity#cn.udesk.saas.sdk.activity.UdeskMainActivity
ADDED from [apkplug_component_sdk:uDesklibrary:unspecified] AndroidManifest.xml:32:9-35:50
	android:configChanges
		ADDED from [apkplug_component_sdk:uDesklibrary:unspecified] AndroidManifest.xml:34:13-92
	android:theme
		ADDED from [apkplug_component_sdk:uDesklibrary:unspecified] AndroidManifest.xml:35:13-47
	android:name
		ADDED from [apkplug_component_sdk:uDesklibrary:unspecified] AndroidManifest.xml:33:13-72